#! /c/Source/iverilog-install/bin/vvp
:ivl_version "12.0 (devel)" "(s20150603-1539-g2693dd32b)";
:ivl_delay_selection "TYPICAL";
:vpi_time_precision + 0;
:vpi_module "C:\iverilog\lib\ivl\system.vpi";
:vpi_module "C:\iverilog\lib\ivl\vhdl_sys.vpi";
:vpi_module "C:\iverilog\lib\ivl\vhdl_textio.vpi";
:vpi_module "C:\iverilog\lib\ivl\v2005_math.vpi";
:vpi_module "C:\iverilog\lib\ivl\va_math.vpi";
S_00000230e0256b90 .scope module, "add" "add" 2 12;
 .timescale 0 0;
    .port_info 0 /INPUT 8 "DATA1";
    .port_info 1 /INPUT 8 "DATA2";
    .port_info 2 /OUTPUT 8 "RESULT";
o00000230e0256dc8 .functor BUFZ 8, C4<zzzzzzzz>; HiZ drive
v00000230e0256d20_0 .net "DATA1", 7 0, o00000230e0256dc8;  0 drivers
o00000230e0256df8 .functor BUFZ 8, C4<zzzzzzzz>; HiZ drive
v00000230e02508e0_0 .net "DATA2", 7 0, o00000230e0256df8;  0 drivers
v00000230e0250980_0 .net "RESULT", 7 0, L_00000230e0250a20;  1 drivers
L_00000230e0250a20 .delay 8 (2,2,2) L_00000230e0250a20/d;
L_00000230e0250a20/d .arith/sum 8, o00000230e0256dc8, o00000230e0256df8;
# The file index is used to find the file name in the following table.
:file_names 3;
    "N/A";
    "<interactive>";
    "add.v";
